<?xml version="1.0" encoding="UTF-8"?>
<!-- Generated by org.testng.reporters.JUnitReportReporter -->
<testsuite hostname="QSpiders" failures="0" tests="1" name="Com.DemoWebShop_TestScripts.TC_001_VerifyUserIsAbleToAddAddressOrNot" time="21.207" errors="0" timestamp="2026-02-15T10:23:36 IST" skipped="0">
  <testcase classname="Com.DemoWebShop_TestScripts.TC_001_VerifyUserIsAbleToAddAddressOrNot" name="addAddress" time="21.207"/>
</testsuite> <!-- Com.DemoWebShop_TestScripts.TC_001_VerifyUserIsAbleToAddAddressOrNot -->
